<?xml version="1.0" encoding="UTF-8"?>
<testng-results skipped="0" failed="0" total="1" passed="1">
  <reporter-output>
  </reporter-output>
  <suite name="Default suite" duration-ms="34700" started-at="2018-03-11T08:00:38Z" finished-at="2018-03-11T08:01:13Z">
    <groups>
    </groups>
    <test name="Default test" duration-ms="34700" started-at="2018-03-11T08:00:38Z" finished-at="2018-03-11T08:01:13Z">
      <class name="testcases.VerifyLoginPageWithReportExtentWithScreenshot">
        <test-method status="PASS" signature="setup()[pri:0, instance:testcases.VerifyLoginPageWithReportExtentWithScreenshot@4cc0edeb]" name="setup" is-config="true" duration-ms="2984" started-at="2018-03-11T13:30:38Z" finished-at="2018-03-11T13:30:41Z">
          <reporter-output>
          </reporter-output>
        </test-method> <!-- setup -->
        <test-method status="PASS" signature="testHomePage()[pri:0, instance:testcases.VerifyLoginPageWithReportExtentWithScreenshot@4cc0edeb]" name="testHomePage" duration-ms="30481" started-at="2018-03-11T13:30:41Z" finished-at="2018-03-11T13:31:12Z">
          <reporter-output>
          </reporter-output>
        </test-method> <!-- testHomePage -->
        <test-method status="PASS" signature="closeSession(org.testng.ITestResult)[pri:0, instance:testcases.VerifyLoginPageWithReportExtentWithScreenshot@4cc0edeb]" name="closeSession" is-config="true" duration-ms="1214" started-at="2018-03-11T13:31:12Z" finished-at="2018-03-11T13:31:13Z">
          <params>
            <param index="0">
              <value>
                <![CDATA[[TestResult name=testHomePage status=SUCCESS method=VerifyLoginPageWithReportExtentWithScreenshot.testHomePage()[pri:0, instance:testcases.VerifyLoginPageWithReportExtentWithScreenshot@4cc0edeb] output={null}]]]>
              </value>
            </param>
          </params>
          <reporter-output>
          </reporter-output>
        </test-method> <!-- closeSession -->
      </class> <!-- testcases.VerifyLoginPageWithReportExtentWithScreenshot -->
    </test> <!-- Default test -->
  </suite> <!-- Default suite -->
</testng-results>
